<?xml version="1.0" encoding="UTF-8"?>
<testng-results skipped="0" failed="0" total="1" passed="1">
  <reporter-output>
  </reporter-output>
  <suite name="Default suite" duration-ms="13198" started-at="2019-10-04T10:31:01Z" finished-at="2019-10-04T10:31:14Z">
    <groups>
    </groups>
    <test name="Default test" duration-ms="13198" started-at="2019-10-04T10:31:01Z" finished-at="2019-10-04T10:31:14Z">
      <class name="m4.Demo05Select">
        <test-method status="PASS" signature="beforeTest()[pri:0, instance:m4.Demo05Select@1b604f19]" name="beforeTest" is-config="true" duration-ms="6800" started-at="2019-10-04T16:01:01Z" finished-at="2019-10-04T16:01:08Z">
          <reporter-output>
          </reporter-output>
        </test-method> <!-- beforeTest -->
        <test-method status="PASS" signature="f()[pri:0, instance:m4.Demo05Select@1b604f19]" name="f" duration-ms="6200" started-at="2019-10-04T16:01:08Z" finished-at="2019-10-04T16:01:14Z">
          <reporter-output>
          </reporter-output>
        </test-method> <!-- f -->
        <test-method status="PASS" signature="afterTest()[pri:0, instance:m4.Demo05Select@1b604f19]" name="afterTest" is-config="true" duration-ms="171" started-at="2019-10-04T16:01:14Z" finished-at="2019-10-04T16:01:14Z">
          <reporter-output>
          </reporter-output>
        </test-method> <!-- afterTest -->
      </class> <!-- m4.Demo05Select -->
    </test> <!-- Default test -->
  </suite> <!-- Default suite -->
</testng-results>
