<?xml version="1.0" encoding="UTF-8"?>
<testng-results skipped="0" failed="0" total="1" passed="1">
  <reporter-output>
  </reporter-output>
  <suite name="Default suite" duration-ms="17935" started-at="2019-10-04T12:21:32Z" finished-at="2019-10-04T12:21:50Z">
    <groups>
    </groups>
    <test name="Default test" duration-ms="17935" started-at="2019-10-04T12:21:32Z" finished-at="2019-10-04T12:21:50Z">
      <class name="m5.DragAndDrop">
        <test-method status="PASS" signature="beforeTest()[pri:0, instance:m5.DragAndDrop@1b604f19]" name="beforeTest" is-config="true" duration-ms="6492" started-at="2019-10-04T17:51:32Z" finished-at="2019-10-04T17:51:38Z">
          <reporter-output>
          </reporter-output>
        </test-method> <!-- beforeTest -->
        <test-method status="PASS" signature="f()[pri:0, instance:m5.DragAndDrop@1b604f19]" name="f" duration-ms="10659" started-at="2019-10-04T17:51:38Z" finished-at="2019-10-04T17:51:49Z">
          <reporter-output>
          </reporter-output>
        </test-method> <!-- f -->
        <test-method status="PASS" signature="afterTest()[pri:0, instance:m5.DragAndDrop@1b604f19]" name="afterTest" is-config="true" duration-ms="758" started-at="2019-10-04T17:51:49Z" finished-at="2019-10-04T17:51:50Z">
          <reporter-output>
          </reporter-output>
        </test-method> <!-- afterTest -->
      </class> <!-- m5.DragAndDrop -->
    </test> <!-- Default test -->
  </suite> <!-- Default suite -->
</testng-results>
